<?xml version="1.0" encoding="UTF-8"?>
<!-- Generated by org.testng.reporters.JUnitXMLReporter -->
<testsuite ignored="0" hostname="DESKTOP-P90V53U" failures="0" tests="8" name="Default test" time="5.318" errors="0" timestamp="2024-03-21T11:28:38 PDT">
  <testcase classname="com.github.tests.CRUD.ValidateAddAndDeleteData_Functionality" name="validateGetSingleRepo" time="1.552"/>
  <testcase classname="com.github.tests.CRUD.ValidateAddAndDeleteData_Functionality" name="validateGetNonExistSingleRepo" time="0.266"/>
  <testcase classname="com.github.tests.CRUD.ValidateAddAndDeleteData_Functionality" name="validateGetAllRepos" time="0.674"/>
  <testcase classname="com.github.tests.CRUD.ValidateAddAndDeleteData_Functionality" name="validateCreateRepofunctionality" time="0.905"/>
  <testcase classname="com.github.tests.CRUD.ValidateAddAndDeleteData_Functionality" name="validateExistingRepoErrorfunctionality" time="0.275"/>
  <testcase classname="com.github.tests.CRUD.ValidateAddAndDeleteData_Functionality" name="validateUpdateRepofunctionality" time="0.522"/>
  <testcase classname="com.github.tests.CRUD.ValidateAddAndDeleteData_Functionality" name="validateDeleteRepoFunctionality" time="0.386"/>
  <testcase classname="com.github.tests.CRUD.ValidateAddAndDeleteData_Functionality" name="validateDeletedRepoErrorfunctionality" time="0.268"/>
</testsuite> <!-- Default test -->
