<?xml version="1.0" encoding="UTF-8"?>
<!-- Generated by org.testng.reporters.JUnitXMLReporter -->
<testsuite ignored="7" hostname="DESKTOP-P90V53U" failures="0" tests="1" name="Default test" time="1.907" errors="0" timestamp="2024-03-20T21:40:37 PDT">
  <testcase classname="com.github.tests.CRUD.ValidateAddAndDeleteData_Functionality" name="validateGetAllRepos" time="1.455"/>
  <testcase classname="com.github.tests.CRUD.ValidateAddAndDeleteData_Functionality" name="validateDeleteRepoFunctionality" time="0.0">
    <ignored/>
  </testcase> <!-- validateDeleteRepoFunctionality -->
  <testcase classname="com.github.tests.CRUD.ValidateAddAndDeleteData_Functionality" name="validateCreateRepofunctionality" time="0.0">
    <ignored/>
  </testcase> <!-- validateCreateRepofunctionality -->
  <testcase classname="com.github.tests.CRUD.ValidateAddAndDeleteData_Functionality" name="validateUpdateRepofunctionality" time="0.0">
    <ignored/>
  </testcase> <!-- validateUpdateRepofunctionality -->
  <testcase classname="com.github.tests.CRUD.ValidateAddAndDeleteData_Functionality" name="validateGetSingleRepo" time="0.0">
    <ignored/>
  </testcase> <!-- validateGetSingleRepo -->
  <testcase classname="com.github.tests.CRUD.ValidateAddAndDeleteData_Functionality" name="validateExistingRepoErrorfunctionality" time="0.0">
    <ignored/>
  </testcase> <!-- validateExistingRepoErrorfunctionality -->
  <testcase classname="com.github.tests.CRUD.ValidateAddAndDeleteData_Functionality" name="validateGetNonExistSingleRepo" time="0.0">
    <ignored/>
  </testcase> <!-- validateGetNonExistSingleRepo -->
  <testcase classname="com.github.tests.CRUD.ValidateAddAndDeleteData_Functionality" name="validateDeletedRepoErrorfunctionality" time="0.0">
    <ignored/>
  </testcase> <!-- validateDeletedRepoErrorfunctionality -->
</testsuite> <!-- Default test -->
