<?xml version="1.0" encoding="UTF-8"?>
<!-- Generated by org.testng.reporters.JUnitXMLReporter -->
<testsuite ignored="0" hostname="DESKTOP-P90V53U" failures="0" tests="8" name="Github functionality" time="6.051" errors="0" timestamp="2024-03-20T21:45:56 PDT">
  <testcase classname="com.github.tests.CRUD.ValidateAddAndDeleteData_Functionality" name="validateGetSingleRepo" time="1.7"/>
  <testcase classname="com.github.tests.CRUD.ValidateAddAndDeleteData_Functionality" name="validateGetNonExistSingleRepo" time="0.297"/>
  <testcase classname="com.github.tests.CRUD.ValidateAddAndDeleteData_Functionality" name="validateGetAllRepos" time="0.388"/>
  <testcase classname="com.github.tests.CRUD.ValidateAddAndDeleteData_Functionality" name="validateCreateRepofunctionality" time="0.984"/>
  <testcase classname="com.github.tests.CRUD.ValidateAddAndDeleteData_Functionality" name="validateExistingRepoErrorfunctionality" time="0.398"/>
  <testcase classname="com.github.tests.CRUD.ValidateAddAndDeleteData_Functionality" name="validateUpdateRepofunctionality" time="0.769"/>
  <testcase classname="com.github.tests.CRUD.ValidateAddAndDeleteData_Functionality" name="validateDeleteRepoFunctionality" time="0.479"/>
  <testcase classname="com.github.tests.CRUD.ValidateAddAndDeleteData_Functionality" name="validateDeletedRepoErrorfunctionality" time="0.309"/>
</testsuite> <!-- Github functionality -->
