<?xml version="1.0" encoding="UTF-8"?>
<testng-results ignored="0" total="8" passed="8" failed="0" skipped="0">
  <reporter-output>
  </reporter-output>
  <suite started-at="2024-03-21T11:28:33 PDT" name="Default suite" finished-at="2024-03-21T11:28:38 PDT" duration-ms="5318">
    <groups>
    </groups>
    <test started-at="2024-03-21T11:28:33 PDT" name="Default test" finished-at="2024-03-21T11:28:38 PDT" duration-ms="5318">
      <class name="com.github.tests.CRUD.ValidateAddAndDeleteData_Functionality">
        <test-method is-config="true" signature="beforeSuite()[pri:0, instance:com.github.tests.CRUD.ValidateAddAndDeleteData_Functionality@9225652]" started-at="2024-03-21T11:28:33 PDT" name="beforeSuite" finished-at="2024-03-21T11:28:33 PDT" duration-ms="38" status="PASS">
          <reporter-output>
          </reporter-output>
        </test-method> <!-- beforeSuite -->
        <test-method is-config="true" signature="beforeClass()[pri:0, instance:com.github.tests.CRUD.ValidateAddAndDeleteData_Functionality@9225652]" started-at="2024-03-21T11:28:33 PDT" name="beforeClass" finished-at="2024-03-21T11:28:33 PDT" duration-ms="429" status="PASS">
          <reporter-output>
          </reporter-output>
        </test-method> <!-- beforeClass -->
        <test-method signature="validateGetSingleRepo()[pri:0, instance:com.github.tests.CRUD.ValidateAddAndDeleteData_Functionality@9225652]" started-at="2024-03-21T11:28:33 PDT" name="validateGetSingleRepo" description="validate get data object" finished-at="2024-03-21T11:28:35 PDT" duration-ms="1552" status="PASS">
          <reporter-output>
          </reporter-output>
        </test-method> <!-- validateGetSingleRepo -->
        <test-method signature="validateGetNonExistSingleRepo()[pri:1, instance:com.github.tests.CRUD.ValidateAddAndDeleteData_Functionality@9225652]" started-at="2024-03-21T11:28:35 PDT" name="validateGetNonExistSingleRepo" description="validate get data object" finished-at="2024-03-21T11:28:35 PDT" depends-on-methods="com.github.tests.CRUD.ValidateAddAndDeleteData_Functionality.validateGetSingleRepo" duration-ms="266" status="PASS">
          <reporter-output>
          </reporter-output>
        </test-method> <!-- validateGetNonExistSingleRepo -->
        <test-method signature="validateGetAllRepos()[pri:2, instance:com.github.tests.CRUD.ValidateAddAndDeleteData_Functionality@9225652]" started-at="2024-03-21T11:28:35 PDT" name="validateGetAllRepos" description="validate get data object" finished-at="2024-03-21T11:28:36 PDT" depends-on-methods="com.github.tests.CRUD.ValidateAddAndDeleteData_Functionality.validateGetNonExistSingleRepo" duration-ms="674" status="PASS">
          <reporter-output>
          </reporter-output>
        </test-method> <!-- validateGetAllRepos -->
        <test-method signature="validateCreateRepofunctionality()[pri:3, instance:com.github.tests.CRUD.ValidateAddAndDeleteData_Functionality@9225652]" started-at="2024-03-21T11:28:36 PDT" name="validateCreateRepofunctionality" description="validate get data object" finished-at="2024-03-21T11:28:37 PDT" depends-on-methods="com.github.tests.CRUD.ValidateAddAndDeleteData_Functionality.validateGetAllRepos" duration-ms="905" status="PASS">
          <reporter-output>
          </reporter-output>
        </test-method> <!-- validateCreateRepofunctionality -->
        <test-method signature="validateExistingRepoErrorfunctionality()[pri:4, instance:com.github.tests.CRUD.ValidateAddAndDeleteData_Functionality@9225652]" started-at="2024-03-21T11:28:37 PDT" name="validateExistingRepoErrorfunctionality" description="validate get data object" finished-at="2024-03-21T11:28:37 PDT" depends-on-methods="com.github.tests.CRUD.ValidateAddAndDeleteData_Functionality.validateCreateRepofunctionality" duration-ms="275" status="PASS">
          <reporter-output>
          </reporter-output>
        </test-method> <!-- validateExistingRepoErrorfunctionality -->
        <test-method signature="validateUpdateRepofunctionality()[pri:5, instance:com.github.tests.CRUD.ValidateAddAndDeleteData_Functionality@9225652]" started-at="2024-03-21T11:28:37 PDT" name="validateUpdateRepofunctionality" description="validate get data object" finished-at="2024-03-21T11:28:37 PDT" depends-on-methods="com.github.tests.CRUD.ValidateAddAndDeleteData_Functionality.validateExistingRepoErrorfunctionality" duration-ms="522" status="PASS">
          <reporter-output>
          </reporter-output>
        </test-method> <!-- validateUpdateRepofunctionality -->
        <test-method signature="validateDeleteRepoFunctionality()[pri:6, instance:com.github.tests.CRUD.ValidateAddAndDeleteData_Functionality@9225652]" started-at="2024-03-21T11:28:37 PDT" name="validateDeleteRepoFunctionality" description="delete data functionality" finished-at="2024-03-21T11:28:38 PDT" depends-on-methods="com.github.tests.CRUD.ValidateAddAndDeleteData_Functionality.validateUpdateRepofunctionality" duration-ms="386" status="PASS">
          <reporter-output>
          </reporter-output>
        </test-method> <!-- validateDeleteRepoFunctionality -->
        <test-method signature="validateDeletedRepoErrorfunctionality()[pri:7, instance:com.github.tests.CRUD.ValidateAddAndDeleteData_Functionality@9225652]" started-at="2024-03-21T11:28:38 PDT" name="validateDeletedRepoErrorfunctionality" description="validate deleted data in the get data object" finished-at="2024-03-21T11:28:38 PDT" depends-on-methods="com.github.tests.CRUD.ValidateAddAndDeleteData_Functionality.validateDeleteRepoFunctionality" duration-ms="268" status="PASS">
          <reporter-output>
          </reporter-output>
        </test-method> <!-- validateDeletedRepoErrorfunctionality -->
      </class> <!-- com.github.tests.CRUD.ValidateAddAndDeleteData_Functionality -->
    </test> <!-- Default test -->
  </suite> <!-- Default suite -->
</testng-results>
