<?xml version="1.0" encoding="UTF-8"?>
<testng-results ignored="0" total="8" passed="8" failed="0" skipped="0">
  <reporter-output>
  </reporter-output>
  <suite started-at="2024-03-20T21:45:49 PDT" name="Smoke Suite" finished-at="2024-03-20T21:45:55 PDT" duration-ms="6051">
    <groups>
    </groups>
    <test started-at="2024-03-20T21:45:49 PDT" name="Github functionality" finished-at="2024-03-20T21:45:55 PDT" duration-ms="6051">
      <class name="com.github.tests.CRUD.ValidateAddAndDeleteData_Functionality">
        <test-method is-config="true" signature="beforeSuite()[pri:0, instance:com.github.tests.CRUD.ValidateAddAndDeleteData_Functionality@6a400542]" started-at="2024-03-20T21:45:49 PDT" name="beforeSuite" finished-at="2024-03-20T21:45:49 PDT" duration-ms="48" status="PASS">
          <reporter-output>
          </reporter-output>
        </test-method> <!-- beforeSuite -->
        <test-method is-config="true" signature="beforeClass()[pri:0, instance:com.github.tests.CRUD.ValidateAddAndDeleteData_Functionality@6a400542]" started-at="2024-03-20T21:45:50 PDT" name="beforeClass" finished-at="2024-03-20T21:45:50 PDT" duration-ms="419" status="PASS">
          <reporter-output>
          </reporter-output>
        </test-method> <!-- beforeClass -->
        <test-method signature="validateGetSingleRepo()[pri:0, instance:com.github.tests.CRUD.ValidateAddAndDeleteData_Functionality@6a400542]" started-at="2024-03-20T21:45:50 PDT" name="validateGetSingleRepo" description="validate get data object" finished-at="2024-03-20T21:45:52 PDT" duration-ms="1700" status="PASS">
          <reporter-output>
          </reporter-output>
        </test-method> <!-- validateGetSingleRepo -->
        <test-method signature="validateGetNonExistSingleRepo()[pri:1, instance:com.github.tests.CRUD.ValidateAddAndDeleteData_Functionality@6a400542]" started-at="2024-03-20T21:45:52 PDT" name="validateGetNonExistSingleRepo" description="validate get data object" finished-at="2024-03-20T21:45:52 PDT" depends-on-methods="com.github.tests.CRUD.ValidateAddAndDeleteData_Functionality.validateGetSingleRepo" duration-ms="297" status="PASS">
          <reporter-output>
          </reporter-output>
        </test-method> <!-- validateGetNonExistSingleRepo -->
        <test-method signature="validateGetAllRepos()[pri:2, instance:com.github.tests.CRUD.ValidateAddAndDeleteData_Functionality@6a400542]" started-at="2024-03-20T21:45:52 PDT" name="validateGetAllRepos" description="validate get data object" finished-at="2024-03-20T21:45:53 PDT" depends-on-methods="com.github.tests.CRUD.ValidateAddAndDeleteData_Functionality.validateGetNonExistSingleRepo" duration-ms="388" status="PASS">
          <reporter-output>
          </reporter-output>
        </test-method> <!-- validateGetAllRepos -->
        <test-method signature="validateCreateRepofunctionality()[pri:3, instance:com.github.tests.CRUD.ValidateAddAndDeleteData_Functionality@6a400542]" started-at="2024-03-20T21:45:53 PDT" name="validateCreateRepofunctionality" description="validate get data object" finished-at="2024-03-20T21:45:54 PDT" depends-on-methods="com.github.tests.CRUD.ValidateAddAndDeleteData_Functionality.validateGetAllRepos" duration-ms="984" status="PASS">
          <reporter-output>
          </reporter-output>
        </test-method> <!-- validateCreateRepofunctionality -->
        <test-method signature="validateExistingRepoErrorfunctionality()[pri:4, instance:com.github.tests.CRUD.ValidateAddAndDeleteData_Functionality@6a400542]" started-at="2024-03-20T21:45:54 PDT" name="validateExistingRepoErrorfunctionality" description="validate get data object" finished-at="2024-03-20T21:45:54 PDT" depends-on-methods="com.github.tests.CRUD.ValidateAddAndDeleteData_Functionality.validateCreateRepofunctionality" duration-ms="398" status="PASS">
          <reporter-output>
          </reporter-output>
        </test-method> <!-- validateExistingRepoErrorfunctionality -->
        <test-method signature="validateUpdateRepofunctionality()[pri:5, instance:com.github.tests.CRUD.ValidateAddAndDeleteData_Functionality@6a400542]" started-at="2024-03-20T21:45:54 PDT" name="validateUpdateRepofunctionality" description="validate get data object" finished-at="2024-03-20T21:45:55 PDT" depends-on-methods="com.github.tests.CRUD.ValidateAddAndDeleteData_Functionality.validateExistingRepoErrorfunctionality" duration-ms="769" status="PASS">
          <reporter-output>
          </reporter-output>
        </test-method> <!-- validateUpdateRepofunctionality -->
        <test-method signature="validateDeleteRepoFunctionality()[pri:6, instance:com.github.tests.CRUD.ValidateAddAndDeleteData_Functionality@6a400542]" started-at="2024-03-20T21:45:55 PDT" name="validateDeleteRepoFunctionality" description="delete data functionality" finished-at="2024-03-20T21:45:55 PDT" depends-on-methods="com.github.tests.CRUD.ValidateAddAndDeleteData_Functionality.validateUpdateRepofunctionality" duration-ms="479" status="PASS">
          <reporter-output>
          </reporter-output>
        </test-method> <!-- validateDeleteRepoFunctionality -->
        <test-method signature="validateDeletedRepoErrorfunctionality()[pri:7, instance:com.github.tests.CRUD.ValidateAddAndDeleteData_Functionality@6a400542]" started-at="2024-03-20T21:45:55 PDT" name="validateDeletedRepoErrorfunctionality" description="validate deleted data in the get data object" finished-at="2024-03-20T21:45:55 PDT" depends-on-methods="com.github.tests.CRUD.ValidateAddAndDeleteData_Functionality.validateDeleteRepoFunctionality" duration-ms="309" status="PASS">
          <reporter-output>
          </reporter-output>
        </test-method> <!-- validateDeletedRepoErrorfunctionality -->
      </class> <!-- com.github.tests.CRUD.ValidateAddAndDeleteData_Functionality -->
    </test> <!-- Github functionality -->
  </suite> <!-- Smoke Suite -->
</testng-results>
